\BOOKMARK [0][-]{Doc-Start}{\376\377\000A\000B\000S\000T\000R\000A\000C\000T}{}% 1
\BOOKMARK [0][-]{Doc-Start}{\376\377\000A\000C\000K\000N\000O\000W\000L\000E\000D\000G\000E\000M\000E\000N\000T\000S}{}% 2
\BOOKMARK [0][-]{chapter.1}{\376\377\000I\000N\000T\000R\000O\000D\000U\000C\000T\000I\000O\000N}{}% 3
\BOOKMARK [1][-]{section.1.1}{\376\377\000I\000n\000t\000r\000o\000d\000u\000c\000t\000i\000o\000n\000\040\000t\000o\000\040\000B\000l\000o\000c\000k\000c\000h\000a\000i\000n\000\040\000T\000e\000c\000h\000n\000o\000l\000o\000g\000y}{chapter.1}% 4
\BOOKMARK [1][-]{section.1.2}{\376\377\000M\000o\000t\000i\000v\000a\000t\000i\000o\000n}{chapter.1}% 5
\BOOKMARK [1][-]{section.1.3}{\376\377\000O\000b\000j\000e\000c\000t\000i\000v\000e\000s}{chapter.1}% 6
\BOOKMARK [1][-]{section.1.4}{\376\377\000S\000c\000o\000p\000e\000\040\000o\000f\000\040\000t\000h\000e\000\040\000P\000r\000o\000j\000e\000c\000t}{chapter.1}% 7
\BOOKMARK [1][-]{section.1.5}{\376\377\000O\000r\000g\000a\000n\000i\000z\000a\000t\000i\000o\000n\000\040\000o\000f\000\040\000t\000h\000e\000\040\000R\000e\000p\000o\000r\000t}{chapter.1}% 8
\BOOKMARK [0][-]{chapter.2}{\376\377\000L\000I\000T\000E\000R\000A\000T\000U\000R\000E\000\040\000S\000U\000R\000V\000E\000Y}{}% 9
\BOOKMARK [1][-]{section.2.1}{\376\377\000F\000o\000u\000n\000d\000a\000t\000i\000o\000n\000a\000l\000\040\000B\000l\000o\000c\000k\000c\000h\000a\000i\000n\000\040\000A\000r\000c\000h\000i\000t\000e\000c\000t\000u\000r\000e}{chapter.2}% 10
\BOOKMARK [1][-]{section.2.2}{\376\377\000E\000l\000l\000i\000p\000t\000i\000c\000\040\000C\000u\000r\000v\000e\000\040\000D\000i\000g\000i\000t\000a\000l\000\040\000S\000i\000g\000n\000a\000t\000u\000r\000e\000s\000\040\000a\000n\000d\000\040\000M\000a\000l\000l\000e\000a\000b\000i\000l\000i\000t\000y}{chapter.2}% 11
\BOOKMARK [1][-]{section.2.3}{\376\377\000P\000r\000o\000o\000f\000-\000o\000f\000-\000W\000o\000r\000k\000\040\000S\000e\000c\000u\000r\000i\000t\000y\000\040\000a\000n\000d\000\040\000D\000i\000f\000f\000i\000c\000u\000l\000t\000y\000\040\000A\000d\000j\000u\000s\000t\000m\000e\000n\000t}{chapter.2}% 12
\BOOKMARK [1][-]{section.2.4}{\376\377\000S\000m\000a\000r\000t\000\040\000C\000o\000n\000t\000r\000a\000c\000t\000\040\000S\000e\000c\000u\000r\000i\000t\000y}{chapter.2}% 13
\BOOKMARK [1][-]{section.2.5}{\376\377\000D\000o\000u\000b\000l\000e\000-\000S\000p\000e\000n\000d\000i\000n\000g\000\040\000P\000r\000e\000v\000e\000n\000t\000i\000o\000n}{chapter.2}% 14
\BOOKMARK [1][-]{section.2.6}{\376\377\000S\000u\000m\000m\000a\000r\000y\000\040\000a\000n\000d\000\040\000R\000e\000s\000e\000a\000r\000c\000h\000\040\000G\000a\000p}{chapter.2}% 15
\BOOKMARK [0][-]{chapter.3}{\376\377\000S\000Y\000S\000T\000E\000M\000\040\000R\000E\000Q\000U\000I\000R\000E\000M\000E\000N\000T\000S\000\040\000A\000N\000D\000\040\000A\000N\000A\000L\000Y\000S\000I\000S}{}% 16
\BOOKMARK [1][-]{section.3.1}{\376\377\000S\000o\000f\000t\000w\000a\000r\000e\000\040\000R\000e\000q\000u\000i\000r\000e\000m\000e\000n\000t\000s}{chapter.3}% 17
\BOOKMARK [2][-]{subsection.3.1.1}{\376\377\000P\000r\000o\000g\000r\000a\000m\000m\000i\000n\000g\000\040\000L\000a\000n\000g\000u\000a\000g\000e\000s\000\040\000a\000n\000d\000\040\000R\000u\000n\000t\000i\000m\000e\000s}{section.3.1}% 18
\BOOKMARK [2][-]{subsection.3.1.2}{\376\377\000P\000y\000t\000h\000o\000n\000\040\000L\000i\000b\000r\000a\000r\000i\000e\000s\000\040\040\023\000\040\000P\000r\000o\000d\000u\000c\000t\000i\000o\000n\000\040\000D\000e\000p\000e\000n\000d\000e\000n\000c\000i\000e\000s}{section.3.1}% 19
\BOOKMARK [2][-]{subsection.3.1.3}{\376\377\000B\000l\000o\000c\000k\000c\000h\000a\000i\000n\000\040\000a\000n\000d\000\040\000S\000m\000a\000r\000t\000\040\000C\000o\000n\000t\000r\000a\000c\000t\000\040\000T\000o\000o\000l\000s}{section.3.1}% 20
\BOOKMARK [2][-]{subsection.3.1.4}{\376\377\000D\000e\000v\000e\000l\000o\000p\000m\000e\000n\000t\000\040\000a\000n\000d\000\040\000Q\000u\000a\000l\000i\000t\000y\000\040\000A\000s\000s\000u\000r\000a\000n\000c\000e\000\040\000T\000o\000o\000l\000s}{section.3.1}% 21
\BOOKMARK [1][-]{section.3.2}{\376\377\000H\000a\000r\000d\000w\000a\000r\000e\000\040\000R\000e\000q\000u\000i\000r\000e\000m\000e\000n\000t\000s}{chapter.3}% 22
\BOOKMARK [1][-]{section.3.3}{\376\377\000P\000r\000o\000b\000l\000e\000m\000\040\000A\000n\000a\000l\000y\000s\000i\000s}{chapter.3}% 23
\BOOKMARK [0][-]{chapter.4}{\376\377\000S\000Y\000S\000T\000E\000M\000\040\000D\000E\000S\000I\000G\000N}{}% 24
\BOOKMARK [1][-]{section.4.1}{\376\377\000H\000i\000g\000h\000-\000L\000e\000v\000e\000l\000\040\000D\000e\000s\000i\000g\000n}{chapter.4}% 25
\BOOKMARK [1][-]{section.4.2}{\376\377\000L\000o\000w\000-\000L\000e\000v\000e\000l\000\040\000D\000e\000s\000i\000g\000n}{chapter.4}% 26
\BOOKMARK [2][-]{subsection.4.2.1}{\376\377\000C\000r\000y\000p\000t\000o\000g\000r\000a\000p\000h\000i\000c\000\040\000I\000d\000e\000n\000t\000i\000t\000y\000\040\000D\000e\000s\000i\000g\000n}{section.4.2}% 27
\BOOKMARK [2][-]{subsection.4.2.2}{\376\377\000T\000r\000a\000n\000s\000a\000c\000t\000i\000o\000n\000\040\000S\000i\000g\000n\000i\000n\000g\000\040\000P\000r\000o\000t\000o\000c\000o\000l}{section.4.2}% 28
\BOOKMARK [2][-]{subsection.4.2.3}{\376\377\000B\000l\000o\000c\000k\000c\000h\000a\000i\000n\000\040\000D\000a\000t\000a\000\040\000S\000t\000r\000u\000c\000t\000u\000r\000e}{section.4.2}% 29
\BOOKMARK [2][-]{subsection.4.2.4}{\376\377\000M\000e\000r\000k\000l\000e\000\040\000T\000r\000e\000e\000\040\000C\000o\000n\000s\000t\000r\000u\000c\000t\000i\000o\000n}{section.4.2}% 30
\BOOKMARK [2][-]{subsection.4.2.5}{\376\377\000P\000r\000o\000o\000f\000-\000o\000f\000-\000W\000o\000r\000k\000\040\000A\000l\000g\000o\000r\000i\000t\000h\000m}{section.4.2}% 31
\BOOKMARK [2][-]{subsection.4.2.6}{\376\377\000N\000a\000k\000a\000m\000o\000t\000o\000\040\000C\000o\000n\000s\000e\000n\000s\000u\000s\000\040\000a\000n\000d\000\040\000F\000o\000r\000k\000\040\000R\000e\000s\000o\000l\000u\000t\000i\000o\000n}{section.4.2}% 32
\BOOKMARK [2][-]{subsection.4.2.7}{\376\377\000S\000m\000a\000r\000t\000\040\000C\000o\000n\000t\000r\000a\000c\000t\000\040\000D\000e\000s\000i\000g\000n}{section.4.2}% 33
\BOOKMARK [2][-]{subsection.4.2.8}{\376\377\000R\000E\000S\000T\000\040\000A\000P\000I\000\040\000D\000e\000s\000i\000g\000n}{section.4.2}% 34
\BOOKMARK [0][-]{chapter.5}{\376\377\000S\000Y\000S\000T\000E\000M\000\040\000I\000M\000P\000L\000E\000M\000E\000N\000T\000A\000T\000I\000O\000N}{}% 35
\BOOKMARK [1][-]{section.5.1}{\376\377\000M\000o\000d\000u\000l\000e\000\040\0001\000:\000\040\000D\000a\000t\000a\000s\000e\000t\000\040\000a\000n\000d\000\040\000A\000d\000d\000r\000e\000s\000s\000\040\000L\000o\000a\000d\000i\000n\000g}{chapter.5}% 36
\BOOKMARK [1][-]{section.5.2}{\376\377\000M\000o\000d\000u\000l\000e\000\040\0002\000:\000\040\000K\000e\000y\000\040\000M\000a\000n\000a\000g\000e\000m\000e\000n\000t}{chapter.5}% 37
\BOOKMARK [1][-]{section.5.3}{\376\377\000M\000o\000d\000u\000l\000e\000\040\0003\000:\000\040\000T\000r\000a\000n\000s\000a\000c\000t\000i\000o\000n\000\040\000S\000i\000g\000n\000i\000n\000g\000\040\000a\000n\000d\000\040\000V\000e\000r\000i\000f\000i\000c\000a\000t\000i\000o\000n}{chapter.5}% 38
\BOOKMARK [2][-]{subsection.5.3.1}{\376\377\000S\000i\000g\000n\000i\000n\000g}{section.5.3}% 39
\BOOKMARK [2][-]{subsection.5.3.2}{\376\377\000V\000e\000r\000i\000f\000i\000c\000a\000t\000i\000o\000n}{section.5.3}% 40
\BOOKMARK [1][-]{section.5.4}{\376\377\000M\000o\000d\000u\000l\000e\000\040\0004\000:\000\040\000B\000l\000o\000c\000k\000c\000h\000a\000i\000n\000\040\000E\000n\000g\000i\000n\000e}{chapter.5}% 41
\BOOKMARK [2][-]{subsection.5.4.1}{\376\377\000B\000l\000o\000c\000k\000\040\000C\000r\000e\000a\000t\000i\000o\000n\000\040\000a\000n\000d\000\040\000H\000a\000s\000h\000i\000n\000g}{section.5.4}% 42
\BOOKMARK [2][-]{subsection.5.4.2}{\376\377\000M\000e\000m\000p\000o\000o\000l}{section.5.4}% 43
\BOOKMARK [2][-]{subsection.5.4.3}{\376\377\000M\000i\000n\000i\000n\000g}{section.5.4}% 44
\BOOKMARK [2][-]{subsection.5.4.4}{\376\377\000C\000h\000a\000i\000n\000\040\000V\000a\000l\000i\000d\000a\000t\000i\000o\000n\000\040\000\050\000P\0006\000\051}{section.5.4}% 45
\BOOKMARK [1][-]{section.5.5}{\376\377\000M\000o\000d\000u\000l\000e\000\040\0005\000:\000\040\000S\000m\000a\000r\000t\000\040\000C\000o\000n\000t\000r\000a\000c\000t}{chapter.5}% 46
\BOOKMARK [1][-]{section.5.6}{\376\377\000M\000o\000d\000u\000l\000e\000\040\0006\000:\000\040\000R\000E\000S\000T\000\040\000A\000P\000I\000\040\000a\000n\000d\000\040\000B\000l\000o\000c\000k\000\040\000E\000x\000p\000l\000o\000r\000e\000r}{chapter.5}% 47
\BOOKMARK [0][-]{chapter.6}{\376\377\000S\000Y\000S\000T\000E\000M\000\040\000T\000E\000S\000T\000I\000N\000G}{}% 48
\BOOKMARK [1][-]{section.6.1}{\376\377\000T\000e\000s\000t\000i\000n\000g\000\040\000S\000t\000r\000a\000t\000e\000g\000y}{chapter.6}% 49
\BOOKMARK [1][-]{section.6.2}{\376\377\000U\000n\000i\000t\000\040\000T\000e\000s\000t\000i\000n\000g}{chapter.6}% 50
\BOOKMARK [2][-]{subsection.6.2.1}{\376\377\000C\000r\000y\000p\000t\000o\000g\000r\000a\000p\000h\000i\000c\000\040\000I\000d\000e\000n\000t\000i\000t\000y\000\040\000T\000e\000s\000t\000s}{section.6.2}% 51
\BOOKMARK [2][-]{subsection.6.2.2}{\376\377\000T\000r\000a\000n\000s\000a\000c\000t\000i\000o\000n\000\040\000S\000i\000g\000n\000i\000n\000g\000\040\000T\000e\000s\000t\000s}{section.6.2}% 52
\BOOKMARK [2][-]{subsection.6.2.3}{\376\377\000B\000l\000o\000c\000k\000c\000h\000a\000i\000n\000\040\000E\000n\000g\000i\000n\000e\000\040\000T\000e\000s\000t\000s}{section.6.2}% 53
\BOOKMARK [1][-]{section.6.3}{\376\377\000I\000n\000t\000e\000g\000r\000a\000t\000i\000o\000n\000\040\000T\000e\000s\000t\000i\000n\000g}{chapter.6}% 54
\BOOKMARK [1][-]{section.6.4}{\376\377\000A\000P\000I\000\040\000C\000o\000n\000t\000r\000a\000c\000t\000\040\000T\000e\000s\000t\000i\000n\000g}{chapter.6}% 55
\BOOKMARK [1][-]{section.6.5}{\376\377\000A\000u\000t\000o\000m\000a\000t\000e\000d\000\040\000C\000I\000/\000C\000D\000\040\000P\000i\000p\000e\000l\000i\000n\000e}{chapter.6}% 56
\BOOKMARK [0][-]{chapter.7}{\376\377\000R\000E\000S\000U\000L\000T\000S\000\040\000A\000N\000D\000\040\000A\000N\000A\000L\000Y\000S\000I\000S}{}% 57
\BOOKMARK [1][-]{section.7.1}{\376\377\000C\000r\000y\000p\000t\000o\000g\000r\000a\000p\000h\000i\000c\000\040\000S\000e\000c\000u\000r\000i\000t\000y\000\040\000R\000e\000s\000u\000l\000t\000s}{chapter.7}% 58
\BOOKMARK [1][-]{section.7.2}{\376\377\000P\000r\000o\000o\000f\000-\000o\000f\000-\000W\000o\000r\000k\000\040\000C\000o\000n\000v\000e\000r\000g\000e\000n\000c\000e}{chapter.7}% 59
\BOOKMARK [1][-]{section.7.3}{\376\377\000T\000a\000m\000p\000e\000r\000\040\000D\000e\000t\000e\000c\000t\000i\000o\000n\000\040\000R\000e\000s\000u\000l\000t\000s}{chapter.7}% 60
\BOOKMARK [1][-]{section.7.4}{\376\377\000S\000m\000a\000r\000t\000\040\000C\000o\000n\000t\000r\000a\000c\000t\000\040\000E\000x\000e\000c\000u\000t\000i\000o\000n\000\040\000R\000e\000s\000u\000l\000t\000s}{chapter.7}% 61
\BOOKMARK [1][-]{section.7.5}{\376\377\000S\000y\000s\000t\000e\000m\000\040\000P\000e\000r\000f\000o\000r\000m\000a\000n\000c\000e\000\040\000S\000u\000m\000m\000a\000r\000y}{chapter.7}% 62
\BOOKMARK [0][-]{chapter.8}{\376\377\000C\000O\000N\000C\000L\000U\000S\000I\000O\000N\000\040\000A\000N\000D\000\040\000F\000U\000T\000U\000R\000E\000\040\000S\000C\000O\000P\000E}{}% 63
\BOOKMARK [1][-]{section.8.1}{\376\377\000C\000o\000n\000c\000l\000u\000s\000i\000o\000n}{chapter.8}% 64
\BOOKMARK [1][-]{section.8.2}{\376\377\000F\000u\000t\000u\000r\000e\000\040\000S\000c\000o\000p\000e}{chapter.8}% 65
