This is pdfTeX, Version 3.141592653-2.6-1.40.25 (TeX Live 2023) (preloaded format=pdflatex 2025.10.17)  20 MAY 2026 21:53
entering extended mode
 restricted \write18 enabled.
 %&-line parsing enabled.
**project_report.tex
(./project_report.tex
LaTeX2e <2022-11-01> patch level 1
L3 programming layer <2023-02-22>
(/usr/share/texlive/texmf-dist/tex/latex/base/report.cls
Document Class: report 2022/07/02 v1.4n Standard LaTeX document class
(/usr/share/texlive/texmf-dist/tex/latex/base/size12.clo
File: size12.clo 2022/07/02 v1.4n Standard LaTeX file (size option)
)
\c@part=\count185
\c@chapter=\count186
\c@section=\count187
\c@subsection=\count188
\c@subsubsection=\count189
\c@paragraph=\count190
\c@subparagraph=\count191
\c@figure=\count192
\c@table=\count193
\abovecaptionskip=\skip48
\belowcaptionskip=\skip49
\bibindent=\dimen140
)
(/usr/share/texlive/texmf-dist/tex/latex/base/inputenc.sty
Package: inputenc 2021/02/14 v1.3d Input encoding file
\inpenc@prehook=\toks16
\inpenc@posthook=\toks17
)
(/usr/share/texlive/texmf-dist/tex/latex/base/fontenc.sty
Package: fontenc 2021/04/29 v2.0v Standard LaTeX package
)
(/usr/share/texlive/texmf-dist/tex/latex/psnfss/mathptmx.sty
Package: mathptmx 2020/03/25 PSNFSS-v9.3 Times w/ Math, improved (SPQR, WaS) 
LaTeX Font Info:    Redeclaring symbol font `operators' on input line 28.
LaTeX Font Info:    Overwriting symbol font `operators' in version `normal'
(Font)                  OT1/cmr/m/n --> OT1/ztmcm/m/n on input line 28.
LaTeX Font Info:    Overwriting symbol font `operators' in version `bold'
(Font)                  OT1/cmr/bx/n --> OT1/ztmcm/m/n on input line 28.
LaTeX Font Info:    Redeclaring symbol font `letters' on input line 29.
LaTeX Font Info:    Overwriting symbol font `letters' in version `normal'
(Font)                  OML/cmm/m/it --> OML/ztmcm/m/it on input line 29.
LaTeX Font Info:    Overwriting symbol font `letters' in version `bold'
(Font)                  OML/cmm/b/it --> OML/ztmcm/m/it on input line 29.
LaTeX Font Info:    Redeclaring symbol font `symbols' on input line 30.
LaTeX Font Info:    Overwriting symbol font `symbols' in version `normal'
(Font)                  OMS/cmsy/m/n --> OMS/ztmcm/m/n on input line 30.
LaTeX Font Info:    Overwriting symbol font `symbols' in version `bold'
(Font)                  OMS/cmsy/b/n --> OMS/ztmcm/m/n on input line 30.
LaTeX Font Info:    Redeclaring symbol font `largesymbols' on input line 31.
LaTeX Font Info:    Overwriting symbol font `largesymbols' in version `normal'
(Font)                  OMX/cmex/m/n --> OMX/ztmcm/m/n on input line 31.
LaTeX Font Info:    Overwriting symbol font `largesymbols' in version `bold'
(Font)                  OMX/cmex/m/n --> OMX/ztmcm/m/n on input line 31.
\symbold=\mathgroup4
\symitalic=\mathgroup5
LaTeX Font Info:    Redeclaring math alphabet \mathbf on input line 34.
LaTeX Font Info:    Overwriting math alphabet `\mathbf' in version `normal'
(Font)                  OT1/cmr/bx/n --> OT1/ptm/bx/n on input line 34.
LaTeX Font Info:    Overwriting math alphabet `\mathbf' in version `bold'
(Font)                  OT1/cmr/bx/n --> OT1/ptm/bx/n on input line 34.
LaTeX Font Info:    Redeclaring math alphabet \mathit on input line 35.
LaTeX Font Info:    Overwriting math alphabet `\mathit' in version `normal'
(Font)                  OT1/cmr/m/it --> OT1/ptm/m/it on input line 35.
LaTeX Font Info:    Overwriting math alphabet `\mathit' in version `bold'
(Font)                  OT1/cmr/bx/it --> OT1/ptm/m/it on input line 35.
LaTeX Info: Redefining \hbar on input line 50.
)
(/usr/share/texlive/texmf-dist/tex/latex/setspace/setspace.sty
Package: setspace 2022/12/04 v6.7b set line spacing
)
(/usr/share/texlive/texmf-dist/tex/latex/geometry/geometry.sty
Package: geometry 2020/01/02 v5.9 Page Geometry

(/usr/share/texlive/texmf-dist/tex/latex/graphics/keyval.sty
Package: keyval 2022/05/29 v1.15 key=value parser (DPC)
\KV@toks@=\toks18
)
(/usr/share/texlive/texmf-dist/tex/generic/iftex/ifvtex.sty
Package: ifvtex 2019/10/25 v1.7 ifvtex legacy package. Use iftex instead.

(/usr/share/texlive/texmf-dist/tex/generic/iftex/iftex.sty
Package: iftex 2022/02/03 v1.0f TeX engine tests
))
\Gm@cnth=\count194
\Gm@cntv=\count195
\c@Gm@tempcnt=\count196
\Gm@bindingoffset=\dimen141
\Gm@wd@mp=\dimen142
\Gm@odd@mp=\dimen143
\Gm@even@mp=\dimen144
\Gm@layoutwidth=\dimen145
\Gm@layoutheight=\dimen146
\Gm@layouthoffset=\dimen147
\Gm@layoutvoffset=\dimen148
\Gm@dimlist=\toks19
)
(/usr/share/texlive/texmf-dist/tex/latex/graphics/graphicx.sty
Package: graphicx 2021/09/16 v1.2d Enhanced LaTeX Graphics (DPC,SPQR)

(/usr/share/texlive/texmf-dist/tex/latex/graphics/graphics.sty
Package: graphics 2022/03/10 v1.4e Standard LaTeX Graphics (DPC,SPQR)

(/usr/share/texlive/texmf-dist/tex/latex/graphics/trig.sty
Package: trig 2021/08/11 v1.11 sin cos tan (DPC)
)
(/usr/share/texlive/texmf-dist/tex/latex/graphics-cfg/graphics.cfg
File: graphics.cfg 2016/06/04 v1.11 sample graphics configuration
)
Package graphics Info: Driver file: pdftex.def on input line 107.

(/usr/share/texlive/texmf-dist/tex/latex/graphics-def/pdftex.def
File: pdftex.def 2022/09/22 v1.2b Graphics/color driver for pdftex
))
\Gin@req@height=\dimen149
\Gin@req@width=\dimen150
)
(/usr/share/texlive/texmf-dist/tex/latex/booktabs/booktabs.sty
Package: booktabs 2020/01/12 v1.61803398 Publication quality tables
\heavyrulewidth=\dimen151
\lightrulewidth=\dimen152
\cmidrulewidth=\dimen153
\belowrulesep=\dimen154
\belowbottomsep=\dimen155
\aboverulesep=\dimen156
\abovetopsep=\dimen157
\cmidrulesep=\dimen158
\cmidrulekern=\dimen159
\defaultaddspace=\dimen160
\@cmidla=\count197
\@cmidlb=\count198
\@aboverulesep=\dimen161
\@belowrulesep=\dimen162
\@thisruleclass=\count199
\@lastruleclass=\count266
\@thisrulewidth=\dimen163
)
(/usr/share/texlive/texmf-dist/tex/latex/tools/longtable.sty
Package: longtable 2021-09-01 v4.17 Multi-page Table package (DPC)
\LTleft=\skip50
\LTright=\skip51
\LTpre=\skip52
\LTpost=\skip53
\LTchunksize=\count267
\LTcapwidth=\dimen164
\LT@head=\box51
\LT@firsthead=\box52
\LT@foot=\box53
\LT@lastfoot=\box54
\LT@gbox=\box55
\LT@cols=\count268
\LT@rows=\count269
\c@LT@tables=\count270
\c@LT@chunks=\count271
\LT@p@ftn=\toks20
)
(/usr/share/texlive/texmf-dist/tex/latex/tools/array.sty
Package: array 2022/09/04 v2.5g Tabular extension package (FMi)
\col@sep=\dimen165
\ar@mcellbox=\box56
\extrarowheight=\dimen166
\NC@list=\toks21
\extratabsurround=\skip54
\backup@length=\skip55
\ar@cellbox=\box57
)
(/usr/share/texlive/texmf-dist/tex/latex/hyperref/hyperref.sty
Package: hyperref 2023-02-07 v7.00v Hypertext links for LaTeX

(/usr/share/texlive/texmf-dist/tex/generic/ltxcmds/ltxcmds.sty
Package: ltxcmds 2020-05-10 v1.25 LaTeX kernel commands for general use (HO)
)
(/usr/share/texlive/texmf-dist/tex/generic/pdftexcmds/pdftexcmds.sty
Package: pdftexcmds 2020-06-27 v0.33 Utility functions of pdfTeX for LuaTeX (HO
)

(/usr/share/texlive/texmf-dist/tex/generic/infwarerr/infwarerr.sty
Package: infwarerr 2019/12/03 v1.5 Providing info/warning/error messages (HO)
)
Package pdftexcmds Info: \pdf@primitive is available.
Package pdftexcmds Info: \pdf@ifprimitive is available.
Package pdftexcmds Info: \pdfdraftmode found.
)
(/usr/share/texlive/texmf-dist/tex/latex/kvsetkeys/kvsetkeys.sty
Package: kvsetkeys 2022-10-05 v1.19 Key value parser (HO)
)
(/usr/share/texlive/texmf-dist/tex/generic/kvdefinekeys/kvdefinekeys.sty
Package: kvdefinekeys 2019-12-19 v1.6 Define keys (HO)
)
(/usr/share/texlive/texmf-dist/tex/generic/pdfescape/pdfescape.sty
Package: pdfescape 2019/12/09 v1.15 Implements pdfTeX's escape features (HO)
)
(/usr/share/texlive/texmf-dist/tex/latex/hycolor/hycolor.sty
Package: hycolor 2020-01-27 v1.10 Color options for hyperref/bookmark (HO)
)
(/usr/share/texlive/texmf-dist/tex/latex/letltxmacro/letltxmacro.sty
Package: letltxmacro 2019/12/03 v1.6 Let assignment for LaTeX macros (HO)
)
(/usr/share/texlive/texmf-dist/tex/latex/auxhook/auxhook.sty
Package: auxhook 2019-12-17 v1.6 Hooks for auxiliary files (HO)
)
(/usr/share/texlive/texmf-dist/tex/latex/hyperref/nameref.sty
Package: nameref 2022-05-17 v2.50 Cross-referencing by name of section

(/usr/share/texlive/texmf-dist/tex/latex/refcount/refcount.sty
Package: refcount 2019/12/15 v3.6 Data extraction from label references (HO)
)
(/usr/share/texlive/texmf-dist/tex/generic/gettitlestring/gettitlestring.sty
Package: gettitlestring 2019/12/15 v1.6 Cleanup title references (HO)

(/usr/share/texlive/texmf-dist/tex/latex/kvoptions/kvoptions.sty
Package: kvoptions 2022-06-15 v3.15 Key value format for package options (HO)
))
\c@section@level=\count272
)
\@linkdim=\dimen167
\Hy@linkcounter=\count273
\Hy@pagecounter=\count274

(/usr/share/texlive/texmf-dist/tex/latex/hyperref/pd1enc.def
File: pd1enc.def 2023-02-07 v7.00v Hyperref: PDFDocEncoding definition (HO)
Now handling font encoding PD1 ...
... no UTF-8 mapping file for font encoding PD1
)
(/usr/share/texlive/texmf-dist/tex/generic/intcalc/intcalc.sty
Package: intcalc 2019/12/15 v1.3 Expandable calculations with integers (HO)
)
(/usr/share/texlive/texmf-dist/tex/generic/etexcmds/etexcmds.sty
Package: etexcmds 2019/12/15 v1.7 Avoid name clashes with e-TeX commands (HO)
)
\Hy@SavedSpaceFactor=\count275

(/usr/share/texlive/texmf-dist/tex/latex/hyperref/puenc.def
File: puenc.def 2023-02-07 v7.00v Hyperref: PDF Unicode definition (HO)
Now handling font encoding PU ...
... no UTF-8 mapping file for font encoding PU
)
Package hyperref Info: Hyper figures OFF on input line 4177.
Package hyperref Info: Link nesting OFF on input line 4182.
Package hyperref Info: Hyper index ON on input line 4185.
Package hyperref Info: Plain pages OFF on input line 4192.
Package hyperref Info: Backreferencing OFF on input line 4197.
Package hyperref Info: Implicit mode ON; LaTeX internals redefined.
Package hyperref Info: Bookmarks ON on input line 4425.
\c@Hy@tempcnt=\count276

(/usr/share/texlive/texmf-dist/tex/latex/url/url.sty
\Urlmuskip=\muskip16
Package: url 2013/09/16  ver 3.4  Verb mode for urls, etc.
)
LaTeX Info: Redefining \url on input line 4763.
\XeTeXLinkMargin=\dimen168

(/usr/share/texlive/texmf-dist/tex/generic/bitset/bitset.sty
Package: bitset 2019/12/09 v1.3 Handle bit-vector datatype (HO)

(/usr/share/texlive/texmf-dist/tex/generic/bigintcalc/bigintcalc.sty
Package: bigintcalc 2019/12/15 v1.5 Expandable calculations on big integers (HO
)
))
\Fld@menulength=\count277
\Field@Width=\dimen169
\Fld@charsize=\dimen170
Package hyperref Info: Hyper figures OFF on input line 6042.
Package hyperref Info: Link nesting OFF on input line 6047.
Package hyperref Info: Hyper index ON on input line 6050.
Package hyperref Info: backreferencing OFF on input line 6057.
Package hyperref Info: Link coloring OFF on input line 6062.
Package hyperref Info: Link coloring with OCG OFF on input line 6067.
Package hyperref Info: PDF/A mode OFF on input line 6072.

(/usr/share/texlive/texmf-dist/tex/latex/base/atbegshi-ltx.sty
Package: atbegshi-ltx 2021/01/10 v1.0c Emulation of the original atbegshi
package with kernel methods
)
\Hy@abspage=\count278
\c@Item=\count279
\c@Hfootnote=\count280
)
Package hyperref Info: Driver (autodetected): hpdftex.

(/usr/share/texlive/texmf-dist/tex/latex/hyperref/hpdftex.def
File: hpdftex.def 2023-02-07 v7.00v Hyperref driver for pdfTeX

(/usr/share/texlive/texmf-dist/tex/latex/base/atveryend-ltx.sty
Package: atveryend-ltx 2020/08/19 v1.0a Emulation of the original atveryend pac
kage
with kernel methods
)
\Fld@listcount=\count281
\c@bookmark@seq@number=\count282

(/usr/share/texlive/texmf-dist/tex/latex/rerunfilecheck/rerunfilecheck.sty
Package: rerunfilecheck 2022-07-10 v1.10 Rerun checks for auxiliary files (HO)

(/usr/share/texlive/texmf-dist/tex/generic/uniquecounter/uniquecounter.sty
Package: uniquecounter 2019/12/15 v1.4 Provide unlimited unique counter (HO)
)
Package uniquecounter Info: New unique counter `rerunfilecheck' on input line 2
85.
)
\Hy@SectionHShift=\skip56
)
(/usr/share/texlive/texmf-dist/tex/latex/fancyhdr/fancyhdr.sty
Package: fancyhdr 2022/11/09 v4.1 Extensive control of page headers and footers

\f@nch@headwidth=\skip57
\f@nch@O@elh=\skip58
\f@nch@O@erh=\skip59
\f@nch@O@olh=\skip60
\f@nch@O@orh=\skip61
\f@nch@O@elf=\skip62
\f@nch@O@erf=\skip63
\f@nch@O@olf=\skip64
\f@nch@O@orf=\skip65
)
(/usr/share/texlive/texmf-dist/tex/latex/titlesec/titlesec.sty
Package: titlesec 2021/07/05 v2.14 Sectioning titles
\ttl@box=\box58
\beforetitleunit=\skip66
\aftertitleunit=\skip67
\ttl@plus=\dimen171
\ttl@minus=\dimen172
\ttl@toksa=\toks22
\titlewidth=\dimen173
\titlewidthlast=\dimen174
\titlewidthfirst=\dimen175
)
(/usr/share/texlive/texmf-dist/tex/latex/caption/caption.sty
Package: caption 2023/03/12 v3.6j Customizing captions (AR)

(/usr/share/texlive/texmf-dist/tex/latex/caption/caption3.sty
Package: caption3 2023/03/12 v2.4 caption3 kernel (AR)
\caption@tempdima=\dimen176
\captionmargin=\dimen177
\caption@leftmargin=\dimen178
\caption@rightmargin=\dimen179
\caption@width=\dimen180
\caption@indent=\dimen181
\caption@parindent=\dimen182
\caption@hangindent=\dimen183
Package caption Info: Standard document class detected.
)
\c@caption@flags=\count283
\c@continuedfloat=\count284
Package caption Info: hyperref package is loaded.
Package caption Info: longtable package is loaded.

(/usr/share/texlive/texmf-dist/tex/latex/caption/ltcaption.sty
Package: ltcaption 2021/01/08 v1.4c longtable captions (AR)
))
(/usr/share/texlive/texmf-dist/tex/latex/amsmath/amsmath.sty
Package: amsmath 2022/04/08 v2.17n AMS math features
\@mathmargin=\skip68

For additional information on amsmath, use the `?' option.
(/usr/share/texlive/texmf-dist/tex/latex/amsmath/amstext.sty
Package: amstext 2021/08/26 v2.01 AMS text

(/usr/share/texlive/texmf-dist/tex/latex/amsmath/amsgen.sty
File: amsgen.sty 1999/11/30 v2.0 generic functions
\@emptytoks=\toks23
\ex@=\dimen184
))
(/usr/share/texlive/texmf-dist/tex/latex/amsmath/amsbsy.sty
Package: amsbsy 1999/11/29 v1.2d Bold Symbols
\pmbraise@=\dimen185
)
(/usr/share/texlive/texmf-dist/tex/latex/amsmath/amsopn.sty
Package: amsopn 2022/04/08 v2.04 operator names
)
\inf@bad=\count285
LaTeX Info: Redefining \frac on input line 234.
\uproot@=\count286
\leftroot@=\count287
LaTeX Info: Redefining \overline on input line 399.
LaTeX Info: Redefining \colon on input line 410.
\classnum@=\count288
\DOTSCASE@=\count289
LaTeX Info: Redefining \ldots on input line 496.
LaTeX Info: Redefining \dots on input line 499.
LaTeX Info: Redefining \cdots on input line 620.
\Mathstrutbox@=\box59
\strutbox@=\box60
LaTeX Info: Redefining \big on input line 722.
LaTeX Info: Redefining \Big on input line 723.
LaTeX Info: Redefining \bigg on input line 724.
LaTeX Info: Redefining \Bigg on input line 725.
\big@size=\dimen186
LaTeX Font Info:    Redeclaring font encoding OML on input line 743.
LaTeX Font Info:    Redeclaring font encoding OMS on input line 744.
\macc@depth=\count290
LaTeX Info: Redefining \bmod on input line 905.
LaTeX Info: Redefining \pmod on input line 910.
LaTeX Info: Redefining \smash on input line 940.
LaTeX Info: Redefining \relbar on input line 970.
LaTeX Info: Redefining \Relbar on input line 971.
\c@MaxMatrixCols=\count291
\dotsspace@=\muskip17
\c@parentequation=\count292
\dspbrk@lvl=\count293
\tag@help=\toks24
\row@=\count294
\column@=\count295
\maxfields@=\count296
\andhelp@=\toks25
\eqnshift@=\dimen187
\alignsep@=\dimen188
\tagshift@=\dimen189
\tagwidth@=\dimen190
\totwidth@=\dimen191
\lineht@=\dimen192
\@envbody=\toks26
\multlinegap=\skip69
\multlinetaggap=\skip70
\mathdisplay@stack=\toks27
LaTeX Info: Redefining \[ on input line 2953.
LaTeX Info: Redefining \] on input line 2954.
)
(/usr/share/texlive/texmf-dist/tex/latex/enumitem/enumitem.sty
Package: enumitem 2019/06/20 v3.9 Customized lists
\labelindent=\skip71
\enit@outerparindent=\dimen193
\enit@toks=\toks28
\enit@inbox=\box61
\enit@count@id=\count297
\enitdp@description=\count298
)
(/usr/share/texlive/texmf-dist/tex/latex/xcolor/xcolor.sty
Package: xcolor 2022/06/12 v2.14 LaTeX color extensions (UK)

(/usr/share/texlive/texmf-dist/tex/latex/graphics-cfg/color.cfg
File: color.cfg 2016/01/02 v1.6 sample color configuration
)
Package xcolor Info: Driver file: pdftex.def on input line 227.

(/usr/share/texlive/texmf-dist/tex/latex/graphics/mathcolor.ltx)
Package xcolor Info: Model `cmy' substituted by `cmy0' on input line 1353.
Package xcolor Info: Model `hsb' substituted by `rgb' on input line 1357.
Package xcolor Info: Model `RGB' extended on input line 1369.
Package xcolor Info: Model `HTML' substituted by `rgb' on input line 1371.
Package xcolor Info: Model `Hsb' substituted by `hsb' on input line 1372.
Package xcolor Info: Model `tHsb' substituted by `hsb' on input line 1373.
Package xcolor Info: Model `HSB' substituted by `hsb' on input line 1374.
Package xcolor Info: Model `Gray' substituted by `gray' on input line 1375.
Package xcolor Info: Model `wave' substituted by `hsb' on input line 1376.
)
(/usr/share/texlive/texmf-dist/tex/latex/float/float.sty
Package: float 2001/11/08 v1.3d Float enhancements (AL)
\c@float@type=\count299
\float@exts=\toks29
\float@box=\box62
\@float@everytoks=\toks30
\@floatcapt=\box63
)
Package hyperref Info: Option `colorlinks' set `true' on input line 58.
LaTeX Font Info:    Trying to load font information for T1+ptm on input line 61
.

(/usr/share/texlive/texmf-dist/tex/latex/psnfss/t1ptm.fd
File: t1ptm.fd 2001/06/04 font definitions for T1/ptm.
)
(/usr/share/texlive/texmf-dist/tex/latex/l3backend/l3backend-pdftex.def
File: l3backend-pdftex.def 2023-01-16 L3 backend support: PDF output (pdfTeX)
\l__color_backend_stack_int=\count300
\l__pdf_internal_box=\box64
)
No file project_report.aux.
\openout1 = `project_report.aux'.

LaTeX Font Info:    Checking defaults for OML/cmm/m/it on input line 61.
LaTeX Font Info:    ... okay on input line 61.
LaTeX Font Info:    Checking defaults for OMS/cmsy/m/n on input line 61.
LaTeX Font Info:    ... okay on input line 61.
LaTeX Font Info:    Checking defaults for OT1/cmr/m/n on input line 61.
LaTeX Font Info:    ... okay on input line 61.
LaTeX Font Info:    Checking defaults for T1/cmr/m/n on input line 61.
LaTeX Font Info:    ... okay on input line 61.
LaTeX Font Info:    Checking defaults for TS1/cmr/m/n on input line 61.
LaTeX Font Info:    ... okay on input line 61.
LaTeX Font Info:    Checking defaults for OMX/cmex/m/n on input line 61.
LaTeX Font Info:    ... okay on input line 61.
LaTeX Font Info:    Checking defaults for U/cmr/m/n on input line 61.
LaTeX Font Info:    ... okay on input line 61.
LaTeX Font Info:    Checking defaults for PD1/pdf/m/n on input line 61.
LaTeX Font Info:    ... okay on input line 61.
LaTeX Font Info:    Checking defaults for PU/pdf/m/n on input line 61.
LaTeX Font Info:    ... okay on input line 61.
*geometry* driver: auto-detecting
*geometry* detected driver: pdftex
*geometry* verbose mode - [ preamble ] result:
* driver: pdftex
* paper: a4paper
* layout: <same size as paper>
* layoutoffset:(h,v)=(0.0pt,0.0pt)
* modes: 
* h-part:(L,W,R)=(108.405pt, 416.83289pt, 72.26999pt)
* v-part:(T,H,B)=(72.26999pt, 700.50687pt, 72.26999pt)
* \paperwidth=597.50787pt
* \paperheight=845.04684pt
* \textwidth=416.83289pt
* \textheight=700.50687pt
* \oddsidemargin=36.13501pt
* \evensidemargin=36.13501pt
* \topmargin=-37.0pt
* \headheight=12.0pt
* \headsep=25.0pt
* \topskip=12.0pt
* \footskip=30.0pt
* \marginparwidth=35.0pt
* \marginparsep=10.0pt
* \columnsep=10.0pt
* \skip\footins=10.8pt plus 4.0pt minus 2.0pt
* \hoffset=0.0pt
* \voffset=0.0pt
* \mag=1000
* \@twocolumnfalse
* \@twosidefalse
* \@mparswitchfalse
* \@reversemarginfalse
* (1in=72.27pt=25.4mm, 1cm=28.453pt)

(/usr/share/texlive/texmf-dist/tex/context/base/mkii/supp-pdf.mkii
[Loading MPS to PDF converter (version 2006.09.02).]
\scratchcounter=\count301
\scratchdimen=\dimen194
\scratchbox=\box65
\nofMPsegments=\count302
\nofMParguments=\count303
\everyMPshowfont=\toks31
\MPscratchCnt=\count304
\MPscratchDim=\dimen195
\MPnumerator=\count305
\makeMPintoPDFobject=\count306
\everyMPtoPDFconversion=\toks32
) (/usr/share/texlive/texmf-dist/tex/latex/epstopdf-pkg/epstopdf-base.sty
Package: epstopdf-base 2020-01-24 v2.11 Base part for package epstopdf
Package epstopdf-base Info: Redefining graphics rule for `.eps' on input line 4
85.

(/usr/share/texlive/texmf-dist/tex/latex/latexconfig/epstopdf-sys.cfg
File: epstopdf-sys.cfg 2010/07/13 v1.3 Configuration of (r)epstopdf for TeX Liv
e
))
Package hyperref Info: Link coloring ON on input line 61.
\@outlinefile=\write3
\openout3 = `project_report.out'.

Package caption Info: Begin \AtBeginDocument code.
Package caption Info: float package is loaded.
Package caption Info: End \AtBeginDocument code.


LaTeX Warning: File `amrita_logo.png' not found on input line 68.


! Package pdftex.def Error: File `amrita_logo.png' not found: using draft setti
ng.

See the pdftex.def package documentation for explanation.
Type  H <return>  for immediate help.
 ...                                              
                                                  
l.68 ...ics[width=0.25\textwidth]{amrita_logo.png}
                                                  \\[0.5cm]
Try typing  <return>  to proceed.
If that doesn't work, type  X <return>  to quit.

LaTeX Font Info:    Trying to load font information for T1+cmtt on input line 6
8.
(/usr/share/texlive/texmf-dist/tex/latex/base/t1cmtt.fd
File: t1cmtt.fd 2022/07/10 v2.5l Standard LaTeX font definitions
)
LaTeX Font Info:    Trying to load font information for OT1+ztmcm on input line
 86.

(/usr/share/texlive/texmf-dist/tex/latex/psnfss/ot1ztmcm.fd
File: ot1ztmcm.fd 2000/01/03 Fontinst v1.801 font definitions for OT1/ztmcm.
)
LaTeX Font Info:    Trying to load font information for OML+ztmcm on input line
 86.

(/usr/share/texlive/texmf-dist/tex/latex/psnfss/omlztmcm.fd
File: omlztmcm.fd 2000/01/03 Fontinst v1.801 font definitions for OML/ztmcm.
)
LaTeX Font Info:    Trying to load font information for OMS+ztmcm on input line
 86.

(/usr/share/texlive/texmf-dist/tex/latex/psnfss/omsztmcm.fd
File: omsztmcm.fd 2000/01/03 Fontinst v1.801 font definitions for OMS/ztmcm.
)
LaTeX Font Info:    Trying to load font information for OMX+ztmcm on input line
 86.

(/usr/share/texlive/texmf-dist/tex/latex/psnfss/omxztmcm.fd
File: omxztmcm.fd 2000/01/03 Fontinst v1.801 font definitions for OMX/ztmcm.
)
LaTeX Font Info:    Trying to load font information for OT1+ptm on input line 8
6.

(/usr/share/texlive/texmf-dist/tex/latex/psnfss/ot1ptm.fd
File: ot1ptm.fd 2001/06/04 font definitions for OT1/ptm.
)
LaTeX Font Info:    Font shape `OT1/ptm/bx/n' in size <12> not available
(Font)              Font shape `OT1/ptm/b/n' tried instead on input line 86.
LaTeX Font Info:    Font shape `OT1/ptm/bx/n' in size <9> not available
(Font)              Font shape `OT1/ptm/b/n' tried instead on input line 86.
LaTeX Font Info:    Font shape `OT1/ptm/bx/n' in size <7> not available
(Font)              Font shape `OT1/ptm/b/n' tried instead on input line 86.
 [1

{/var/lib/texmf/fonts/map/pdftex/updmap/pdftex.map}{/usr/share/texlive/texmf-di
st/fonts/enc/dvips/cm-super/cm-super-t1.enc}{/usr/share/texlive/texmf-dist/font
s/enc/dvips/base/8r.enc}]
! Missing number, treated as zero.
<to be read again> 
                   D
l.121   [Designation]
                     \\
A number should have been here; I inserted `0'.
(If you can't figure out why I needed to see a number,
look up `weird error' in the index to The TeXbook.)

! Illegal unit of measure (pt inserted).
<to be read again> 
                   D
l.121   [Designation]
                     \\
Dimensions can be in units of em, ex, in, pt, pc,
cm, mm, dd, cc, nd, nc, bp, or sp; but yours is a new one!
I'll assume that you meant to say pt, for printer's points.
To recover gracefully from this error, it's best to
delete the erroneous units; e.g., type `2' to delete
two letters. (See Chapter 27 of The TeXbook.)


! LaTeX Error: There's no line here to end.

See the LaTeX manual or LaTeX Companion for explanation.
Type  H <return>  for immediate help.
 ...                                              
                                                  
l.121   [Designation]\\
                       
Your command was ignored.
Type  I <command> <return>  to replace it with another command,
or  <return>  to continue without it.


pdfTeX warning (ext4): destination with the same identifier (name{page.1}) has 
been already used, duplicate ignored
<to be read again> 
                   \relax 
l.142 \newpage
               [1] [2]
Overfull \hbox (13.9992pt too wide) in paragraph at lines 192--198
\T1/ptm/m/n/12 na-tion], De-part-ment of Com-puter Sci-ence and En-gi-neer-ing,
 Am-rita Vishwa Vidyapeetham,
 []


Overfull \hbox (4.60382pt too wide) in paragraph at lines 192--198
\T1/ptm/m/n/12 for the in-valu-able guid-ance, con-stant en-cour-age-ment, and 
con-struc-tive feed-back through-
 []

[3]
No file project_report.toc.
\tf@toc=\write4
\openout4 = `project_report.toc'.

[4

]
No file project_report.lof.
\tf@lof=\write5
\openout5 = `project_report.lof'.

[5

]
No file project_report.lot.
\tf@lot=\write6
\openout6 = `project_report.lot'.

[6

]
Chapter 1.

LaTeX Warning: Citation `nakamoto2008' on page 7 undefined on input line 243.


LaTeX Warning: Citation `zheng2017' on page 7 undefined on input line 246.

[7

]

Package fancyhdr Warning: \headheight is too small (12.0pt): 
(fancyhdr)                Make it at least 13.59999pt, for example:
(fancyhdr)                \setlength{\headheight}{13.59999pt}.
(fancyhdr)                You might also make \topmargin smaller to compensate:

(fancyhdr)                \addtolength{\topmargin}{-1.59999pt}.

[8]
LaTeX Font Info:    Trying to load font information for TS1+ptm on input line 3
26.
 (/usr/share/texlive/texmf-dist/tex/latex/psnfss/ts1ptm.fd
File: ts1ptm.fd 2001/06/04 font definitions for TS1/ptm.
)
Overfull \hbox (0.24506pt too wide) in paragraph at lines 330--332
[]\T1/ptm/m/n/12 A blockchain en-gine with SHA-256 PoW min-ing, Merkle tree con
-struc-tion, mem-
 []


Package fancyhdr Warning: \headheight is too small (12.0pt): 
(fancyhdr)                Make it at least 13.59999pt, for example:
(fancyhdr)                \setlength{\headheight}{13.59999pt}.
(fancyhdr)                You might also make \topmargin smaller to compensate:

(fancyhdr)                \addtolength{\topmargin}{-1.59999pt}.

[9]

Package fancyhdr Warning: \headheight is too small (12.0pt): 
(fancyhdr)                Make it at least 13.59999pt, for example:
(fancyhdr)                \setlength{\headheight}{13.59999pt}.
(fancyhdr)                You might also make \topmargin smaller to compensate:

(fancyhdr)                \addtolength{\topmargin}{-1.59999pt}.

[10]
Chapter 2.

LaTeX Warning: Citation `nakamoto2008' on page 11 undefined on input line 362.


LaTeX Warning: Citation `zheng2017' on page 11 undefined on input line 372.


LaTeX Warning: Citation `johnson2001' on page 11 undefined on input line 384.


Overfull \hbox (0.9056pt too wide) in paragraph at lines 384--391
\T1/ptm/m/n/12 er-a-tor point of prime or-der $\OML/ztmcm/m/it/12 N \OT1/ztmcm/
m/n/12 = 2[] \OMS/ztmcm/m/n/12 ^^@ \OT1/ztmcm/m/n/12 43242038656565965685242086
6394968145599$\T1/ptm/m/n/12 . 
 []

[11

]

LaTeX Warning: Citation `bip62' on page 12 undefined on input line 393.


LaTeX Warning: Citation `gervais2016' on page 12 undefined on input line 406.


LaTeX Warning: Citation `eyal2014' on page 12 undefined on input line 415.


LaTeX Warning: Citation `buterin2014' on page 12 undefined on input line 425.


Package fancyhdr Warning: \headheight is too small (12.0pt): 
(fancyhdr)                Make it at least 13.59999pt, for example:
(fancyhdr)                \setlength{\headheight}{13.59999pt}.
(fancyhdr)                You might also make \topmargin smaller to compensate:

(fancyhdr)                \addtolength{\topmargin}{-1.59999pt}.

[12]

LaTeX Warning: Citation `luu2016' on page 13 undefined on input line 432.


LaTeX Warning: Citation `ieee2021bar' on page 13 undefined on input line 444.


LaTeX Warning: Citation `ieee2021sybil' on page 13 undefined on input line 447.



LaTeX Warning: Citation `mdpi2021hybrid' on page 13 undefined on input line 450
.


LaTeX Warning: Reference `tab:litsurvey' on page 13 undefined on input line 456
.


Underfull \hbox (badness 10000) in paragraph at lines 470--471
[]|\T1/ptm/m/n/12 Limited script-ing;
 []


Underfull \hbox (badness 3343) in paragraph at lines 470--471
\T1/ptm/m/n/12 no smart con-tracts
 []


Underfull \hbox (badness 10000) in paragraph at lines 472--472
\T1/ptm/m/n/12 Tech-nol-ogy: Ar-chi-tec-ture,
 []


Underfull \hbox (badness 10000) in paragraph at lines 472--472
\T1/ptm/m/n/12 Con-sen-sus, and Fu-ture
 []


Underfull \hbox (badness 10000) in paragraph at lines 472--472
\T1/ptm/m/n/12 Trends -- IEEE Big-Data
 []


Underfull \hbox (badness 10000) in paragraph at lines 472--473
[]|\T1/ptm/m/n/12 PoW is most
 []


Underfull \hbox (badness 3179) in paragraph at lines 472--473
\T1/ptm/m/n/12 se-cure but energy-
 []


Underfull \hbox (badness 10000) in paragraph at lines 472--473
\T1/ptm/m/n/12 im-ple-men-ta-tion
 []


Underfull \hbox (badness 10000) in paragraph at lines 474--474
[]|\T1/ptm/m/n/12 The El-lip-tic Curve Dig-
 []


Underfull \hbox (badness 10000) in paragraph at lines 474--474
\T1/ptm/m/n/12 i-tal Sig-na-ture Al-go-rithm
 []


Underfull \hbox (badness 8113) in paragraph at lines 474--475
\T1/ptm/m/n/12 vul-ner-a-ble to sig-
 []


Underfull \hbox (badness 3557) in paragraph at lines 474--475
\T1/ptm/m/n/12 na-ture mal-leabil-ity;
 []


Underfull \hbox (badness 10000) in paragraph at lines 474--475
\T1/ptm/m/n/12 BIP-62 nor-mal-iza-
 []


Underfull \hbox (badness 10000) in paragraph at lines 476--476
[]|\T1/ptm/m/n/12 Ethereum: A Next-
 []


Underfull \hbox (badness 4647) in paragraph at lines 476--476
\T1/ptm/m/n/12 Generation Smart Con-tract
 []


Underfull \hbox (badness 10000) in paragraph at lines 476--477
[]|\T1/ptm/m/n/12 Smart con-tracts
 []


Underfull \hbox (badness 1533) in paragraph at lines 476--477
\T1/ptm/m/n/12 vul-ner-a-ble to reen-
 []


Underfull \hbox (badness 10000) in paragraph at lines 476--477
\T1/ptm/m/n/12 not au-to-mat-i-cally
 []


Underfull \hbox (badness 3635) in paragraph at lines 478--478
[]|\T1/ptm/m/n/12 On the Se-cu-rity and Per-
 []


Underfull \hbox (badness 3954) in paragraph at lines 478--478
\T1/ptm/m/n/12 Blockchains -- ACM CCS
 []


Underfull \hbox (badness 10000) in paragraph at lines 478--479
[]|\T1/ptm/m/n/12 Dynamic dif-fi-culty
 []


Underfull \hbox (badness 10000) in paragraph at lines 478--479
\T1/ptm/m/n/12 ad-just-ment needed
 []


Underfull \hbox (badness 10000) in paragraph at lines 478--479
\T1/ptm/m/n/12 to main-tain sta-
 []


Underfull \hbox (badness 1715) in paragraph at lines 478--479
\T1/ptm/m/n/12 ble block rate and
 []


Underfull \hbox (badness 10000) in paragraph at lines 480--480
[]|\T1/ptm/m/n/12 Making Smart Con-tracts
 []


Underfull \hbox (badness 10000) in paragraph at lines 480--481
[]|\T1/ptm/m/n/12 Reentrancy al-lows
 []


Underfull \hbox (badness 10000) in paragraph at lines 480--481
\T1/ptm/m/n/12 pre-cede any state
 []


Underfull \hbox (badness 5578) in paragraph at lines 482--482
[]|\T1/ptm/m/n/12 I. Eyal, E. G.
 []


Underfull \hbox (badness 5359) in paragraph at lines 482--483
[]|\T1/ptm/m/n/12 Selfish min-ing ef-
 []


Underfull \hbox (badness 4441) in paragraph at lines 482--483
\T1/ptm/m/n/12 fec-tive at 25--33%
 []


Underfull \hbox (badness 7433) in paragraph at lines 482--483
\T1/ptm/m/n/12 hash rate; hon-est
 []


Underfull \hbox (badness 10000) in paragraph at lines 484--484
[]|\T1/ptm/m/n/12 IEEE AI-IoT
 []


Underfull \hbox (badness 10000) in paragraph at lines 484--484
[]|\T1/ptm/m/n/12 A Pro-tect-ing Mech-a-nism
 []


Underfull \hbox (badness 10000) in paragraph at lines 484--485
[]|\T1/ptm/m/n/12 Single coun-ter-
 []


Underfull \hbox (badness 10000) in paragraph at lines 484--485
\T1/ptm/m/n/12 mea-sure in-suf-fi-
 []


Underfull \hbox (badness 10000) in paragraph at lines 484--485
\T1/ptm/m/n/12 contract-level con-
 []


Underfull \hbox (badness 10000) in paragraph at lines 486--486
[]|\T1/ptm/m/n/12 Exploring Sybil and
 []


Underfull \hbox (badness 10000) in paragraph at lines 486--486
\T1/ptm/m/n/12 Double-Spending Risks
 []


Underfull \hbox (badness 10000) in paragraph at lines 486--486
\T1/ptm/m/n/12 in Blockchain Sys-tems
 []


Underfull \hbox (badness 10000) in paragraph at lines 486--487
\T1/ptm/m/n/12 con-tract set-tle-ment
 []


Underfull \hbox (badness 10000) in paragraph at lines 486--487
\T1/ptm/m/n/12 for end-to-end
 []


Overfull \hbox (0.61908pt too wide) in paragraph at lines 488--488
[]|\T1/ptm/m/n/12 10| 
 []


Underfull \hbox (badness 1655) in paragraph at lines 488--488
[]|\T1/ptm/m/n/12 Distributed Hy-brid Double-
 []


Underfull \hbox (badness 1019) in paragraph at lines 488--488
\T1/ptm/m/n/12 for PoW and PoS Con-sen-
 []


Underfull \hbox (badness 10000) in paragraph at lines 488--489
[]|\T1/ptm/m/n/12 Hybrid con-sen-sus
 []


Underfull \hbox (badness 10000) in paragraph at lines 488--489
\T1/ptm/m/n/12 more se-cure but
 []


Underfull \hbox (badness 10000) in paragraph at lines 488--489
\T1/ptm/m/n/12 com-plex; PoW
 []


Underfull \hbox (badness 4621) in paragraph at lines 488--489
\T1/ptm/m/n/12 with atomic smart
 []


Underfull \hbox (badness 10000) in paragraph at lines 488--489
\T1/ptm/m/n/12 con-tract set-tle-ment
 []


Package fancyhdr Warning: \headheight is too small (12.0pt): 
(fancyhdr)                Make it at least 13.59999pt, for example:
(fancyhdr)                \setlength{\headheight}{13.59999pt}.
(fancyhdr)                You might also make \topmargin smaller to compensate:

(fancyhdr)                \addtolength{\topmargin}{-1.59999pt}.

[13]

Package fancyhdr Warning: \headheight is too small (12.0pt): 
(fancyhdr)                Make it at least 13.59999pt, for example:
(fancyhdr)                \setlength{\headheight}{13.59999pt}.
(fancyhdr)                You might also make \topmargin smaller to compensate:

(fancyhdr)                \addtolength{\topmargin}{-1.59999pt}.

[14]

Package fancyhdr Warning: \headheight is too small (12.0pt): 
(fancyhdr)                Make it at least 13.59999pt, for example:
(fancyhdr)                \setlength{\headheight}{13.59999pt}.
(fancyhdr)                You might also make \topmargin smaller to compensate:

(fancyhdr)                \addtolength{\topmargin}{-1.59999pt}.

[15]
Chapter 3.

Underfull \hbox (badness 3291) in paragraph at lines 518--519
[]|\T1/ptm/m/n/12 Core blockchain en-gine, REST API,
 []


Underfull \hbox (badness 1521) in paragraph at lines 543--544
[]|\T1/ptm/m/n/12 Ethereum JSON-RPC client for smart
 []


Underfull \hbox (badness 3492) in paragraph at lines 547--548
[]|\T1/ptm/m/n/12 Secure en-vi-ron-ment vari-able man-age-
 []

[16

]

Package fancyhdr Warning: \headheight is too small (12.0pt): 
(fancyhdr)                Make it at least 13.59999pt, for example:
(fancyhdr)                \setlength{\headheight}{13.59999pt}.
(fancyhdr)                You might also make \topmargin smaller to compensate:

(fancyhdr)                \addtolength{\topmargin}{-1.59999pt}.

[17]
Overfull \hbox (86.03937pt too wide) in paragraph at lines 603--618
 [][] 
 []


Package fancyhdr Warning: \headheight is too small (12.0pt): 
(fancyhdr)                Make it at least 13.59999pt, for example:
(fancyhdr)                \setlength{\headheight}{13.59999pt}.
(fancyhdr)                You might also make \topmargin smaller to compensate:

(fancyhdr)                \addtolength{\topmargin}{-1.59999pt}.

[18]

Package fancyhdr Warning: \headheight is too small (12.0pt): 
(fancyhdr)                Make it at least 13.59999pt, for example:
(fancyhdr)                \setlength{\headheight}{13.59999pt}.
(fancyhdr)                You might also make \topmargin smaller to compensate:

(fancyhdr)                \addtolength{\topmargin}{-1.59999pt}.

[19]
Chapter 4.

LaTeX Warning: Reference `fig:arch' on page 20 undefined on input line 669.

[20

]
! Undefined control sequence.
<recently read> \mathbb 
                        
l.703 prime field $\mathbb
                          {F}_p$ where:
The control sequence at the end of the top line
of your error message was never \def'ed. If you have
misspelled it (e.g., `\hobx'), type `I' and the correct
spelling (e.g., `I\hbox'). Otherwise just continue,
and I'll forget about whatever was undefined.

! Undefined control sequence.
l.708 sampled scalar $k \in \mathbb
                                   {Z}_N$ drawn from a cryptographically sec...
The control sequence at the end of the top line
of your error message was never \def'ed. If you have
misspelled it (e.g., `\hobx'), type `I' and the correct
spelling (e.g., `I\hbox'). Otherwise just continue,
and I'll forget about whatever was undefined.


Package fancyhdr Warning: \headheight is too small (12.0pt): 
(fancyhdr)                Make it at least 13.59999pt, for example:
(fancyhdr)                \setlength{\headheight}{13.59999pt}.
(fancyhdr)                You might also make \topmargin smaller to compensate:

(fancyhdr)                \addtolength{\topmargin}{-1.59999pt}.

[21]
Underfull \hbox (badness 6658) in paragraph at lines 765--766
[]|\T1/ptm/m/n/12 Ordered list of fi-nan-cial trans-ac-tion
 []


Package fancyhdr Warning: \headheight is too small (12.0pt): 
(fancyhdr)                Make it at least 13.59999pt, for example:
(fancyhdr)                \setlength{\headheight}{13.59999pt}.
(fancyhdr)                You might also make \topmargin smaller to compensate:

(fancyhdr)                \addtolength{\topmargin}{-1.59999pt}.

[22]

LaTeX Warning: Reference `fig:merkle' on page 23 undefined on input line 786.


Overfull \hbox (1.26794pt too wide) in paragraph at lines 808--811
\T1/ptm/m/n/12 tree to change the root, which changes the block hash, which bre
aks the \T1/cmtt/m/n/12 previous_hash
 []


Package fancyhdr Warning: \headheight is too small (12.0pt): 
(fancyhdr)                Make it at least 13.59999pt, for example:
(fancyhdr)                \setlength{\headheight}{13.59999pt}.
(fancyhdr)                You might also make \topmargin smaller to compensate:

(fancyhdr)                \addtolength{\topmargin}{-1.59999pt}.

[23]

LaTeX Warning: Reference `fig:contract' on page 24 undefined on input line 860.



Package fancyhdr Warning: \headheight is too small (12.0pt): 
(fancyhdr)                Make it at least 13.59999pt, for example:
(fancyhdr)                \setlength{\headheight}{13.59999pt}.
(fancyhdr)                You might also make \topmargin smaller to compensate:

(fancyhdr)                \addtolength{\topmargin}{-1.59999pt}.

[24]
Underfull \hbox (badness 1406) in paragraph at lines 893--894
[]|\T1/ptm/m/n/12 Add a signed trans-ac-tion to the
 []


Underfull \hbox (badness 1496) in paragraph at lines 903--904
[]|\T1/ptm/m/n/12 Chain height, dif-fi-culty, va-lid-ity,
 []


Package fancyhdr Warning: \headheight is too small (12.0pt): 
(fancyhdr)                Make it at least 13.59999pt, for example:
(fancyhdr)                \setlength{\headheight}{13.59999pt}.
(fancyhdr)                You might also make \topmargin smaller to compensate:

(fancyhdr)                \addtolength{\topmargin}{-1.59999pt}.

[25]

Package fancyhdr Warning: \headheight is too small (12.0pt): 
(fancyhdr)                Make it at least 13.59999pt, for example:
(fancyhdr)                \setlength{\headheight}{13.59999pt}.
(fancyhdr)                You might also make \topmargin smaller to compensate:

(fancyhdr)                \addtolength{\topmargin}{-1.59999pt}.

[26]
Chapter 5.

Overfull \hbox (13.68797pt too wide) in paragraph at lines 921--925
\T1/ptm/m/n/12 (\T1/cmtt/m/n/12 Eth_Txs.csv\T1/ptm/m/n/12 ) con-tain-ing his-to
r-i-cal sender and re-ceiver ad-dresses from pub-lic blockchain
 []

[27

]
Overfull \hbox (24.44255pt too wide) in paragraph at lines 979--981
[]\T1/ptm/m/n/12 Serializes the aug-mented dic-tio-nary to bytes us-ing canon-i
-cal JSON (\T1/cmtt/m/n/12 sort_keys=True\T1/ptm/m/n/12 ,
 []


Package fancyhdr Warning: \headheight is too small (12.0pt): 
(fancyhdr)                Make it at least 13.59999pt, for example:
(fancyhdr)                \setlength{\headheight}{13.59999pt}.
(fancyhdr)                You might also make \topmargin smaller to compensate:

(fancyhdr)                \addtolength{\topmargin}{-1.59999pt}.

[28]
Overfull \hbox (42.98068pt too wide) in paragraph at lines 996--998
[]\T1/ptm/m/n/12 BIP-62 check: ex-tracts $\OML/ztmcm/m/it/12 s \OT1/ztmcm/m/n/1
2 = []([]\OML/ztmcm/m/it/12 ; []\OT1/ztmcm/m/n/12 )$ \T1/ptm/m/n/12 and raises 
\T1/cmtt/m/n/12 VerificationError
 []


Overfull \hbox (30.45879pt too wide) in paragraph at lines 1000--1003
[]\T1/ptm/m/n/12 ECDSA ver-i-fi-ca-tion: re-encodes $\OT1/ztmcm/m/n/12 (\OML/zt
mcm/m/it/12 r; s\OT1/ztmcm/m/n/12 )$ \T1/ptm/m/n/12 to DER for-mat and calls \T
1/cmtt/m/n/12 public_key.verify()\T1/ptm/m/n/12 ,
 []


Package fancyhdr Warning: \headheight is too small (12.0pt): 
(fancyhdr)                Make it at least 13.59999pt, for example:
(fancyhdr)                \setlength{\headheight}{13.59999pt}.
(fancyhdr)                You might also make \topmargin smaller to compensate:

(fancyhdr)                \addtolength{\topmargin}{-1.59999pt}.

[29]
Overfull \hbox (2.50323pt too wide) in paragraph at lines 1062--1065
\T1/ptm/m/n/12 re-duces execution-path gas costs for fre-quently called func-ti
ons at the ex-pense of slightly
 []


Package fancyhdr Warning: \headheight is too small (12.0pt): 
(fancyhdr)                Make it at least 13.59999pt, for example:
(fancyhdr)                \setlength{\headheight}{13.59999pt}.
(fancyhdr)                You might also make \topmargin smaller to compensate:

(fancyhdr)                \addtolength{\topmargin}{-1.59999pt}.

[30]
Overfull \hbox (9.02243pt too wide) in paragraph at lines 1080--1086
[]\T1/ptm/m/n/12 The Block Ex-plorer fron-tend is a single-page ap-pli-ca-tion 
writ-ten in vanilla HTML,
 []


Overfull \hbox (36.35982pt too wide) in paragraph at lines 1080--1086
\T1/ptm/m/n/12 CSS, and JavaScript with no ex-ter-nal frame-work de-pen-den-cie
s. It polls the \T1/cmtt/m/n/12 /api/chain/stats
 []


Package fancyhdr Warning: \headheight is too small (12.0pt): 
(fancyhdr)                Make it at least 13.59999pt, for example:
(fancyhdr)                \setlength{\headheight}{13.59999pt}.
(fancyhdr)                You might also make \topmargin smaller to compensate:

(fancyhdr)                \addtolength{\topmargin}{-1.59999pt}.

[31]
Chapter 6.

Underfull \hbox (badness 10000) in paragraph at lines 1136--1136
[]|\T1/ptm/m/n/12 Canonical JSON de-ter-min-ism:
 []

[32

]
Overfull \hbox (2.87566pt too wide) in paragraph at lines 1147--1149
[]\T1/ptm/b/n/12 Merkle Tree De-ter-min-ism: \T1/ptm/m/n/12 For a fixed trans-a
c-tion list, \T1/cmtt/m/n/12 build_merkle_tree()
 []


Overfull \hbox (31.17847pt too wide) in paragraph at lines 1154--1158
[]\T1/ptm/b/n/12 Chain Val-i-da-tion: \T1/ptm/m/n/12 A 10-block chain mined by 
the sys-tem passes \T1/cmtt/m/n/12 is_valid_chain()\T1/ptm/m/n/12 .
 []


Package fancyhdr Warning: \headheight is too small (12.0pt): 
(fancyhdr)                Make it at least 13.59999pt, for example:
(fancyhdr)                \setlength{\headheight}{13.59999pt}.
(fancyhdr)                You might also make \topmargin smaller to compensate:

(fancyhdr)                \addtolength{\topmargin}{-1.59999pt}.

[33]
Overfull \hbox (7.2239pt too wide) in paragraph at lines 1196--1211
 [][] 
 []


Package fancyhdr Warning: \headheight is too small (12.0pt): 
(fancyhdr)                Make it at least 13.59999pt, for example:
(fancyhdr)                \setlength{\headheight}{13.59999pt}.
(fancyhdr)                You might also make \topmargin smaller to compensate:

(fancyhdr)                \addtolength{\topmargin}{-1.59999pt}.

[34]

Package fancyhdr Warning: \headheight is too small (12.0pt): 
(fancyhdr)                Make it at least 13.59999pt, for example:
(fancyhdr)                \setlength{\headheight}{13.59999pt}.
(fancyhdr)                You might also make \topmargin smaller to compensate:

(fancyhdr)                \addtolength{\topmargin}{-1.59999pt}.

[35]
Chapter 7.

LaTeX Warning: Reference `tab:pow' on page 36 undefined on input line 1240.

[36

]
Overfull \hbox (23.12347pt too wide) in paragraph at lines 1270--1278
\T1/ptm/m/n/12 in any his-tor-i-cal block caused an im-me-di-ate hash mis-match
 de-tected by \T1/cmtt/m/n/12 is_valid_chain()\T1/ptm/m/n/12 .
 []


Overfull \hbox (6.19057pt too wide) in paragraph at lines 1313--1328
 [][] 
 []


Package fancyhdr Warning: \headheight is too small (12.0pt): 
(fancyhdr)                Make it at least 13.59999pt, for example:
(fancyhdr)                \setlength{\headheight}{13.59999pt}.
(fancyhdr)                You might also make \topmargin smaller to compensate:

(fancyhdr)                \addtolength{\topmargin}{-1.59999pt}.

[37]

LaTeX Warning: Reference `fig:results' on page 38 undefined on input line 1330.



Package fancyhdr Warning: \headheight is too small (12.0pt): 
(fancyhdr)                Make it at least 13.59999pt, for example:
(fancyhdr)                \setlength{\headheight}{13.59999pt}.
(fancyhdr)                You might also make \topmargin smaller to compensate:

(fancyhdr)                \addtolength{\topmargin}{-1.59999pt}.

[38]
Chapter 8.
[39

]

LaTeX Warning: Citation `mdpi2021hybrid' on page 40 undefined on input line 141
7.


Overfull \hbox (1.0549pt too wide) in paragraph at lines 1416--1420
[]\T1/ptm/b/n/12 Hybrid Con-sen-sus: \T1/ptm/m/n/12 Com-bin-ing Proof-of-Work w
ith Proof-of-Stake as ex-plored
 []


Package fancyhdr Warning: \headheight is too small (12.0pt): 
(fancyhdr)                Make it at least 13.59999pt, for example:
(fancyhdr)                \setlength{\headheight}{13.59999pt}.
(fancyhdr)                You might also make \topmargin smaller to compensate:

(fancyhdr)                \addtolength{\topmargin}{-1.59999pt}.

[40]

Package fancyhdr Warning: \headheight is too small (12.0pt): 
(fancyhdr)                Make it at least 13.59999pt, for example:
(fancyhdr)                \setlength{\headheight}{13.59999pt}.
(fancyhdr)                You might also make \topmargin smaller to compensate:

(fancyhdr)                \addtolength{\topmargin}{-1.59999pt}.

[41]
Underfull \hbox (badness 2653) in paragraph at lines 1465--1468
\T1/ptm/m/n/12 Avail-able: [][]$\T1/cmtt/m/n/12 https : / / github . com / bitc
oin / bips / blob / master / bip-[]0062 .
 []

[42

]
Underfull \hbox (badness 2401) in paragraph at lines 1489--1493
\T1/ptm/m/n/12 Ethereum Yel-low Pa-per, 2014. [On-line]. Avail-able: [][]$\T1/c
mtt/m/n/12 https : / / ethereum .
 []


Package fancyhdr Warning: \headheight is too small (12.0pt): 
(fancyhdr)                Make it at least 13.59999pt, for example:
(fancyhdr)                \setlength{\headheight}{13.59999pt}.
(fancyhdr)                You might also make \topmargin smaller to compensate:

(fancyhdr)                \addtolength{\topmargin}{-1.59999pt}.

[43] (./project_report.aux)

LaTeX Warning: There were undefined references.


LaTeX Warning: Label(s) may have changed. Rerun to get cross-references right.


Package rerunfilecheck Warning: File `project_report.out' has changed.
(rerunfilecheck)                Rerun to get outlines right
(rerunfilecheck)                or use package `bookmark'.

Package rerunfilecheck Info: Checksums for `project_report.out':
(rerunfilecheck)             Before: <no file>
(rerunfilecheck)             After:  784BD365D0D462357D6C3335BB11FB35;11669.
 ) 
Here is how much of TeX's memory you used:
 13053 strings out of 476041
 207196 string characters out of 5793173
 1872388 words of memory out of 6000000
 33108 multiletter control sequences out of 15000+600000
 551450 words of font info for 87 fonts, out of 8000000 for 9000
 1137 hyphenation exceptions out of 8191
 75i,12n,94p,268b,580s stack positions out of 10000i,1000n,20000p,200000b,200000s
</usr/share/texlive/texmf-dist/fonts/type1/public/amsfonts/cm/cmex10.pfb></us
r/share/texlive/texmf-dist/fonts/type1/public/amsfonts/cm/cmmi10.pfb></usr/shar
e/texlive/texmf-dist/fonts/type1/public/amsfonts/cm/cmr10.pfb></usr/share/texli
ve/texmf-dist/fonts/type1/public/amsfonts/cm/cmsy10.pfb></usr/share/texlive/tex
mf-dist/fonts/type1/public/cm-super/sftt1200.pfb></usr/share/texlive/texmf-dist
/fonts/type1/urw/times/utmb8a.pfb></usr/share/texlive/texmf-dist/fonts/type1/ur
w/times/utmr8a.pfb></usr/share/texlive/texmf-dist/fonts/type1/urw/times/utmri8a
.pfb>
Output written on project_report.pdf (44 pages, 210918 bytes).
PDF statistics:
 425 PDF objects out of 1000 (max. 8388607)
 359 compressed objects within 4 object streams
 186 named destinations out of 1000 (max. 500000)
 1 words of extra memory for PDF output out of 10000 (max. 10000000)

